2022/07/29 16:57:59 INFO  - jmeter.util.JMeterUtils: Setting Locale to en 
2022/07/29 16:57:59 INFO  - jmeter.JMeter: Loading user properties from: /usr/share/jmeter/bin/user.properties 
2022/07/29 16:57:59 INFO  - jmeter.JMeter: Loading system properties from: /usr/share/jmeter/bin/system.properties 
2022/07/29 16:57:59 INFO  - jmeter.JMeter: Copyright (c) 1998-2015 The Apache Software Foundation 
2022/07/29 16:57:59 INFO  - jmeter.JMeter: Version 2.13.20180731 
2022/07/29 16:57:59 INFO  - jmeter.JMeter: java.version=11.0.15 
2022/07/29 16:57:59 INFO  - jmeter.JMeter: java.vm.name=OpenJDK 64-Bit Server VM 
2022/07/29 16:57:59 INFO  - jmeter.JMeter: os.name=Linux 
2022/07/29 16:57:59 INFO  - jmeter.JMeter: os.arch=amd64 
2022/07/29 16:57:59 INFO  - jmeter.JMeter: os.version=5.15.0-1014-azure 
2022/07/29 16:57:59 INFO  - jmeter.JMeter: file.encoding=UTF-8 
2022/07/29 16:57:59 INFO  - jmeter.JMeter: Default Locale=English 
2022/07/29 16:57:59 INFO  - jmeter.JMeter: JMeter  Locale=English 
2022/07/29 16:57:59 INFO  - jmeter.JMeter: JMeterHome=/usr/share/jmeter 
2022/07/29 16:57:59 INFO  - jmeter.JMeter: user.dir  =/home/phd/autoscaling 
2022/07/29 16:57:59 INFO  - jmeter.JMeter: PWD       =/home/phd/autoscaling 
2022/07/29 16:57:59 INFO  - jmeter.JMeter: IP: 10.0.0.4 Name: devmachine FullName: devmachine.internal.cloudapp.net 
2022/07/29 16:57:59 INFO  - jmeter.gui.action.LookAndFeelCommand: Using look and feel: javax.swing.plaf.metal.MetalLookAndFeel [Metal, CrossPlatform, System] 
2022/07/29 16:57:59 INFO  - jmeter.JMeter: Loaded icon properties from org/apache/jmeter/images/icon.properties 
2022/07/29 16:58:00 WARN  - jmeter.gui.action.ActionRouter: java.awt.HeadlessException: 
No X11 DISPLAY variable was set, but this program performed an operation which requires it. 
2022/07/29 16:58:00 FATAL - jmeter.JMeter: An error occurred:  java.awt.HeadlessException: 
No X11 DISPLAY variable was set, but this program performed an operation which requires it.
	at java.desktop/java.awt.GraphicsEnvironment.checkHeadless(GraphicsEnvironment.java:208)
	at java.desktop/java.awt.Window.<init>(Window.java:548)
	at java.desktop/java.awt.Frame.<init>(Frame.java:423)
	at java.desktop/java.awt.Frame.<init>(Frame.java:388)
	at java.desktop/javax.swing.JFrame.<init>(JFrame.java:180)
	at org.apache.jmeter.gui.MainFrame.<init>(MainFrame.java:190)
	at org.apache.jmeter.JMeter.startGui(JMeter.java:242)
	at org.apache.jmeter.JMeter.start(JMeter.java:387)
	at java.base/jdk.internal.reflect.NativeMethodAccessorImpl.invoke0(Native Method)
	at java.base/jdk.internal.reflect.NativeMethodAccessorImpl.invoke(NativeMethodAccessorImpl.java:62)
	at java.base/jdk.internal.reflect.DelegatingMethodAccessorImpl.invoke(DelegatingMethodAccessorImpl.java:43)
	at java.base/java.lang.reflect.Method.invoke(Method.java:566)
	at org.apache.jmeter.NewDriver.main(NewDriver.java:264)

